{"C:\\Users\\bhask\\Desktop\\Workspace\\Bhaskar\\web-agency-portfolio\\src\\components\\Contact.jsx": {"path":"C:\\Users\\bhask\\Desktop\\Workspace\\Bhaskar\\web-agency-portfolio\\src\\components\\Contact.jsx","statementMap":{"0":{"start":{"line":7,"column":16},"end":{"line":163,"column":null}},"1":{"start":{"line":12,"column":30},"end":{"line":12,"column":null}},"2":{"start":{"line":19,"column":4},"end":{"line":39,"column":null}},"3":{"start":{"line":20,"column":8},"end":{"line":37,"column":null}},"4":{"start":{"line":30,"column":43},"end":{"line":30,"column":null}},"5":{"start":{"line":41,"column":4},"end":{"line":161,"column":null}}},"fnMap":{"0":{"name":"(anonymous_0)","decl":{"start":{"line":7,"column":16},"end":{"line":7,"column":22}},"loc":{"start":{"line":7,"column":22},"end":{"line":163,"column":null}},"line":7},"1":{"name":"(anonymous_1)","decl":{"start":{"line":30,"column":37},"end":{"line":30,"column":43}},"loc":{"start":{"line":30,"column":43},"end":{"line":30,"column":null}},"line":30}},"branchMap":{"0":{"loc":{"start":{"line":19,"column":4},"end":{"line":39,"column":null}},"type":"if","locations":[{"start":{"line":19,"column":4},"end":{"line":39,"column":null}},{"start":{},"end":{}}],"line":19},"1":{"loc":{"start":{"line":143,"column":33},"end":{"line":150,"column":null}},"type":"cond-expr","locations":[{"start":{"line":144,"column":36},"end":{"line":146,"column":null}},{"start":{"line":148,"column":36},"end":{"line":150,"column":null}}],"line":143},"2":{"loc":{"start":{"line":153,"column":29},"end":{"line":154,"column":null}},"type":"binary-expr","locations":[{"start":{"line":153,"column":29},"end":{"line":153,"column":45}},{"start":{"line":153,"column":45},"end":{"line":153,"column":null}},{"start":{"line":154,"column":32},"end":{"line":154,"column":null}}],"line":153}},"s":{"0":1,"1":6,"2":6,"3":1,"4":0,"5":5},"f":{"0":6,"1":0},"b":{"0":[1,5],"1":[0,5],"2":[6,5,0]},"meta":{"lastBranch":3,"lastFunction":2,"lastStatement":6,"seen":{"s:7:16:163:Infinity":0,"f:7:16:7:22":0,"s:12:30:12:Infinity":1,"b:19:4:39:Infinity:undefined:undefined:undefined:undefined":0,"s:19:4:39:Infinity":2,"s:20:8:37:Infinity":3,"f:30:37:30:43":1,"s:30:43:30:Infinity":4,"s:41:4:161:Infinity":5,"b:144:36:146:Infinity:148:36:150:Infinity":1,"b:153:29:153:45:153:45:153:Infinity:154:32:154:Infinity":2}}}
,"C:\\Users\\bhask\\Desktop\\Workspace\\Bhaskar\\web-agency-portfolio\\src\\components\\Footer.jsx": {"path":"C:\\Users\\bhask\\Desktop\\Workspace\\Bhaskar\\web-agency-portfolio\\src\\components\\Footer.jsx","statementMap":{"0":{"start":{"line":3,"column":15},"end":{"line":86,"column":null}},"1":{"start":{"line":4,"column":4},"end":{"line":84,"column":null}},"2":{"start":{"line":30,"column":32},"end":{"line":38,"column":null}},"3":{"start":{"line":47,"column":66},"end":{"line":47,"column":86}},"4":{"start":{"line":47,"column":86},"end":{"line":47,"column":142}},"5":{"start":{"line":48,"column":66},"end":{"line":48,"column":86}},"6":{"start":{"line":48,"column":86},"end":{"line":48,"column":142}},"7":{"start":{"line":49,"column":66},"end":{"line":49,"column":86}},"8":{"start":{"line":49,"column":86},"end":{"line":49,"column":142}},"9":{"start":{"line":50,"column":65},"end":{"line":50,"column":85}},"10":{"start":{"line":50,"column":85},"end":{"line":50,"column":140}},"11":{"start":{"line":57,"column":62},"end":{"line":57,"column":82}},"12":{"start":{"line":57,"column":82},"end":{"line":57,"column":134}},"13":{"start":{"line":58,"column":65},"end":{"line":58,"column":85}},"14":{"start":{"line":58,"column":85},"end":{"line":58,"column":140}}},"fnMap":{"0":{"name":"(anonymous_0)","decl":{"start":{"line":3,"column":15},"end":{"line":3,"column":21}},"loc":{"start":{"line":3,"column":21},"end":{"line":86,"column":null}},"line":3},"1":{"name":"(anonymous_1)","decl":{"start":{"line":29,"column":34},"end":{"line":29,"column":35}},"loc":{"start":{"line":30,"column":32},"end":{"line":38,"column":null}},"line":30},"2":{"name":"(anonymous_2)","decl":{"start":{"line":47,"column":57},"end":{"line":47,"column":58}},"loc":{"start":{"line":47,"column":64},"end":{"line":47,"column":145}},"line":47},"3":{"name":"(anonymous_3)","decl":{"start":{"line":48,"column":57},"end":{"line":48,"column":58}},"loc":{"start":{"line":48,"column":64},"end":{"line":48,"column":145}},"line":48},"4":{"name":"(anonymous_4)","decl":{"start":{"line":49,"column":57},"end":{"line":49,"column":58}},"loc":{"start":{"line":49,"column":64},"end":{"line":49,"column":145}},"line":49},"5":{"name":"(anonymous_5)","decl":{"start":{"line":50,"column":56},"end":{"line":50,"column":57}},"loc":{"start":{"line":50,"column":63},"end":{"line":50,"column":143}},"line":50},"6":{"name":"(anonymous_6)","decl":{"start":{"line":57,"column":53},"end":{"line":57,"column":54}},"loc":{"start":{"line":57,"column":60},"end":{"line":57,"column":137}},"line":57},"7":{"name":"(anonymous_7)","decl":{"start":{"line":58,"column":56},"end":{"line":58,"column":57}},"loc":{"start":{"line":58,"column":63},"end":{"line":58,"column":143}},"line":58}},"branchMap":{},"s":{"0":1,"1":12,"2":48,"3":1,"4":1,"5":1,"6":1,"7":1,"8":1,"9":1,"10":1,"11":1,"12":1,"13":1,"14":1},"f":{"0":12,"1":48,"2":1,"3":1,"4":1,"5":1,"6":1,"7":1},"b":{},"meta":{"lastBranch":0,"lastFunction":8,"lastStatement":15,"seen":{"s:3:15:86:Infinity":0,"f:3:15:3:21":0,"s:4:4:84:Infinity":1,"f:29:34:29:35":1,"s:30:32:38:Infinity":2,"f:47:57:47:58":2,"s:47:66:47:86":3,"s:47:86:47:142":4,"f:48:57:48:58":3,"s:48:66:48:86":5,"s:48:86:48:142":6,"f:49:57:49:58":4,"s:49:66:49:86":7,"s:49:86:49:142":8,"f:50:56:50:57":5,"s:50:65:50:85":9,"s:50:85:50:140":10,"f:57:53:57:54":6,"s:57:62:57:82":11,"s:57:82:57:134":12,"f:58:56:58:57":7,"s:58:65:58:85":13,"s:58:85:58:140":14}}}
,"C:\\Users\\bhask\\Desktop\\Workspace\\Bhaskar\\web-agency-portfolio\\src\\components\\Hero.jsx": {"path":"C:\\Users\\bhask\\Desktop\\Workspace\\Bhaskar\\web-agency-portfolio\\src\\components\\Hero.jsx","statementMap":{"0":{"start":{"line":4,"column":13},"end":{"line":68,"column":null}},"1":{"start":{"line":5,"column":4},"end":{"line":66,"column":null}}},"fnMap":{"0":{"name":"(anonymous_0)","decl":{"start":{"line":4,"column":13},"end":{"line":4,"column":19}},"loc":{"start":{"line":4,"column":19},"end":{"line":68,"column":null}},"line":4}},"branchMap":{},"s":{"0":1,"1":4},"f":{"0":4},"b":{},"meta":{"lastBranch":0,"lastFunction":1,"lastStatement":2,"seen":{"s:4:13:68:Infinity":0,"f:4:13:4:19":0,"s:5:4:66:Infinity":1}}}
,"C:\\Users\\bhask\\Desktop\\Workspace\\Bhaskar\\web-agency-portfolio\\src\\components\\Navbar.jsx": {"path":"C:\\Users\\bhask\\Desktop\\Workspace\\Bhaskar\\web-agency-portfolio\\src\\components\\Navbar.jsx","statementMap":{"0":{"start":{"line":5,"column":22},"end":{"line":211,"column":null}},"1":{"start":{"line":6,"column":28},"end":{"line":6,"column":null}},"2":{"start":{"line":7,"column":32},"end":{"line":7,"column":null}},"3":{"start":{"line":8,"column":42},"end":{"line":8,"column":null}},"4":{"start":{"line":9,"column":26},"end":{"line":9,"column":null}},"5":{"start":{"line":12,"column":4},"end":{"line":19,"column":null}},"6":{"start":{"line":13,"column":8},"end":{"line":17,"column":null}},"7":{"start":{"line":14,"column":12},"end":{"line":14,"column":null}},"8":{"start":{"line":16,"column":12},"end":{"line":16,"column":null}},"9":{"start":{"line":18,"column":8},"end":{"line":18,"column":null}},"10":{"start":{"line":21,"column":24},"end":{"line":23,"column":null}},"11":{"start":{"line":22,"column":8},"end":{"line":22,"column":null}},"12":{"start":{"line":26,"column":4},"end":{"line":36,"column":null}},"13":{"start":{"line":27,"column":29},"end":{"line":33,"column":null}},"14":{"start":{"line":28,"column":12},"end":{"line":32,"column":null}},"15":{"start":{"line":29,"column":16},"end":{"line":29,"column":null}},"16":{"start":{"line":29,"column":31},"end":{"line":29,"column":null}},"17":{"start":{"line":31,"column":16},"end":{"line":31,"column":null}},"18":{"start":{"line":31,"column":30},"end":{"line":31,"column":null}},"19":{"start":{"line":34,"column":8},"end":{"line":34,"column":null}},"20":{"start":{"line":35,"column":8},"end":{"line":35,"column":null}},"21":{"start":{"line":35,"column":21},"end":{"line":35,"column":null}},"22":{"start":{"line":39,"column":4},"end":{"line":57,"column":null}},"23":{"start":{"line":40,"column":25},"end":{"line":40,"column":null}},"24":{"start":{"line":41,"column":25},"end":{"line":53,"column":null}},"25":{"start":{"line":43,"column":16},"end":{"line":47,"column":null}},"26":{"start":{"line":44,"column":20},"end":{"line":46,"column":null}},"27":{"start":{"line":45,"column":24},"end":{"line":45,"column":null}},"28":{"start":{"line":55,"column":8},"end":{"line":55,"column":null}},"29":{"start":{"line":55,"column":38},"end":{"line":55,"column":63}},"30":{"start":{"line":56,"column":8},"end":{"line":56,"column":null}},"31":{"start":{"line":56,"column":21},"end":{"line":56,"column":null}},"32":{"start":{"line":56,"column":51},"end":{"line":56,"column":78}},"33":{"start":{"line":59,"column":21},"end":{"line":65,"column":null}},"34":{"start":{"line":67,"column":4},"end":{"line":209,"column":null}},"35":{"start":{"line":79,"column":24},"end":{"line":79,"column":null}},"36":{"start":{"line":80,"column":24},"end":{"line":84,"column":null}},"37":{"start":{"line":81,"column":28},"end":{"line":81,"column":null}},"38":{"start":{"line":83,"column":28},"end":{"line":83,"column":null}},"39":{"start":{"line":95,"column":45},"end":{"line":95,"column":null}},"40":{"start":{"line":96,"column":28},"end":{"line":128,"column":null}},"41":{"start":{"line":101,"column":40},"end":{"line":115,"column":null}},"42":{"start":{"line":102,"column":44},"end":{"line":102,"column":null}},"43":{"start":{"line":103,"column":61},"end":{"line":103,"column":null}},"44":{"start":{"line":105,"column":44},"end":{"line":111,"column":null}},"45":{"start":{"line":106,"column":48},"end":{"line":106,"column":null}},"46":{"start":{"line":110,"column":48},"end":{"line":110,"column":null}},"47":{"start":{"line":112,"column":40},"end":{"line":115,"column":null}},"48":{"start":{"line":114,"column":44},"end":{"line":114,"column":null}},"49":{"start":{"line":145,"column":32},"end":{"line":145,"column":null}},"50":{"start":{"line":146,"column":32},"end":{"line":146,"column":null}},"51":{"start":{"line":163,"column":43},"end":{"line":163,"column":null}},"52":{"start":{"line":184,"column":32},"end":{"line":194,"column":null}},"53":{"start":{"line":187,"column":51},"end":{"line":187,"column":null}},"54":{"start":{"line":199,"column":47},"end":{"line":199,"column":null}}},"fnMap":{"0":{"name":"(anonymous_0)","decl":{"start":{"line":5,"column":22},"end":{"line":5,"column":28}},"loc":{"start":{"line":5,"column":28},"end":{"line":211,"column":null}},"line":5},"1":{"name":"(anonymous_1)","decl":{"start":{"line":12,"column":14},"end":{"line":12,"column":20}},"loc":{"start":{"line":12,"column":20},"end":{"line":19,"column":7}},"line":12},"2":{"name":"(anonymous_2)","decl":{"start":{"line":21,"column":24},"end":{"line":21,"column":30}},"loc":{"start":{"line":21,"column":30},"end":{"line":23,"column":null}},"line":21},"3":{"name":"(anonymous_3)","decl":{"start":{"line":26,"column":14},"end":{"line":26,"column":20}},"loc":{"start":{"line":26,"column":20},"end":{"line":36,"column":7}},"line":26},"4":{"name":"(anonymous_4)","decl":{"start":{"line":27,"column":29},"end":{"line":27,"column":35}},"loc":{"start":{"line":27,"column":35},"end":{"line":33,"column":null}},"line":27},"5":{"name":"(anonymous_5)","decl":{"start":{"line":35,"column":15},"end":{"line":35,"column":21}},"loc":{"start":{"line":35,"column":21},"end":{"line":35,"column":null}},"line":35},"6":{"name":"(anonymous_6)","decl":{"start":{"line":39,"column":14},"end":{"line":39,"column":20}},"loc":{"start":{"line":39,"column":20},"end":{"line":57,"column":7}},"line":39},"7":{"name":"(anonymous_7)","decl":{"start":{"line":42,"column":12},"end":{"line":42,"column":13}},"loc":{"start":{"line":42,"column":25},"end":{"line":48,"column":null}},"line":42},"8":{"name":"(anonymous_8)","decl":{"start":{"line":43,"column":32},"end":{"line":43,"column":33}},"loc":{"start":{"line":43,"column":43},"end":{"line":47,"column":17}},"line":43},"9":{"name":"(anonymous_9)","decl":{"start":{"line":55,"column":25},"end":{"line":55,"column":26}},"loc":{"start":{"line":55,"column":38},"end":{"line":55,"column":63}},"line":55},"10":{"name":"(anonymous_10)","decl":{"start":{"line":56,"column":15},"end":{"line":56,"column":21}},"loc":{"start":{"line":56,"column":21},"end":{"line":56,"column":null}},"line":56},"11":{"name":"(anonymous_11)","decl":{"start":{"line":56,"column":38},"end":{"line":56,"column":39}},"loc":{"start":{"line":56,"column":51},"end":{"line":56,"column":78}},"line":56},"12":{"name":"(anonymous_12)","decl":{"start":{"line":78,"column":45},"end":{"line":78,"column":46}},"loc":{"start":{"line":78,"column":52},"end":{"line":85,"column":23}},"line":78},"13":{"name":"(anonymous_13)","decl":{"start":{"line":94,"column":38},"end":{"line":94,"column":39}},"loc":{"start":{"line":94,"column":48},"end":{"line":130,"column":25}},"line":94},"14":{"name":"(anonymous_14)","decl":{"start":{"line":100,"column":45},"end":{"line":100,"column":46}},"loc":{"start":{"line":100,"column":52},"end":{"line":116,"column":null}},"line":100},"15":{"name":"(anonymous_15)","decl":{"start":{"line":144,"column":37},"end":{"line":144,"column":38}},"loc":{"start":{"line":144,"column":44},"end":{"line":147,"column":null}},"line":144},"16":{"name":"(anonymous_16)","decl":{"start":{"line":163,"column":37},"end":{"line":163,"column":43}},"loc":{"start":{"line":163,"column":43},"end":{"line":163,"column":null}},"line":163},"17":{"name":"(anonymous_17)","decl":{"start":{"line":183,"column":42},"end":{"line":183,"column":43}},"loc":{"start":{"line":184,"column":32},"end":{"line":194,"column":null}},"line":184},"18":{"name":"(anonymous_18)","decl":{"start":{"line":187,"column":45},"end":{"line":187,"column":51}},"loc":{"start":{"line":187,"column":51},"end":{"line":187,"column":null}},"line":187},"19":{"name":"(anonymous_19)","decl":{"start":{"line":199,"column":41},"end":{"line":199,"column":47}},"loc":{"start":{"line":199,"column":47},"end":{"line":199,"column":null}},"line":199}},"branchMap":{"0":{"loc":{"start":{"line":9,"column":39},"end":{"line":9,"column":78}},"type":"binary-expr","locations":[{"start":{"line":9,"column":39},"end":{"line":9,"column":72}},{"start":{"line":9,"column":72},"end":{"line":9,"column":78}}],"line":9},"1":{"loc":{"start":{"line":13,"column":8},"end":{"line":17,"column":null}},"type":"if","locations":[{"start":{"line":13,"column":8},"end":{"line":17,"column":null}},{"start":{"line":15,"column":15},"end":{"line":17,"column":null}}],"line":13},"2":{"loc":{"start":{"line":22,"column":17},"end":{"line":22,"column":52}},"type":"cond-expr","locations":[{"start":{"line":22,"column":36},"end":{"line":22,"column":46}},{"start":{"line":22,"column":46},"end":{"line":22,"column":52}}],"line":22},"3":{"loc":{"start":{"line":28,"column":12},"end":{"line":32,"column":null}},"type":"if","locations":[{"start":{"line":28,"column":12},"end":{"line":32,"column":null}},{"start":{"line":30,"column":19},"end":{"line":32,"column":null}}],"line":28},"4":{"loc":{"start":{"line":29,"column":16},"end":{"line":29,"column":null}},"type":"if","locations":[{"start":{"line":29,"column":16},"end":{"line":29,"column":null}},{"start":{},"end":{}}],"line":29},"5":{"loc":{"start":{"line":31,"column":16},"end":{"line":31,"column":null}},"type":"if","locations":[{"start":{"line":31,"column":16},"end":{"line":31,"column":null}},{"start":{},"end":{}}],"line":31},"6":{"loc":{"start":{"line":44,"column":20},"end":{"line":46,"column":null}},"type":"if","locations":[{"start":{"line":44,"column":20},"end":{"line":46,"column":null}},{"start":{},"end":{}}],"line":44},"7":{"loc":{"start":{"line":69,"column":84},"end":{"line":69,"column":null}},"type":"cond-expr","locations":[{"start":{"line":69,"column":95},"end":{"line":69,"column":105}},{"start":{"line":69,"column":105},"end":{"line":69,"column":null}}],"line":69},"8":{"loc":{"start":{"line":72,"column":102},"end":{"line":74,"column":null}},"type":"cond-expr","locations":[{"start":{"line":73,"column":18},"end":{"line":73,"column":null}},{"start":{"line":74,"column":18},"end":{"line":74,"column":null}}],"line":72},"9":{"loc":{"start":{"line":80,"column":24},"end":{"line":84,"column":null}},"type":"if","locations":[{"start":{"line":80,"column":24},"end":{"line":84,"column":null}},{"start":{"line":82,"column":31},"end":{"line":84,"column":null}}],"line":80},"10":{"loc":{"start":{"line":80,"column":28},"end":{"line":80,"column":97}},"type":"binary-expr","locations":[{"start":{"line":80,"column":28},"end":{"line":80,"column":64}},{"start":{"line":80,"column":64},"end":{"line":80,"column":97}}],"line":80},"11":{"loc":{"start":{"line":101,"column":40},"end":{"line":115,"column":null}},"type":"if","locations":[{"start":{"line":101,"column":40},"end":{"line":115,"column":null}},{"start":{"line":112,"column":40},"end":{"line":115,"column":null}}],"line":101},"12":{"loc":{"start":{"line":105,"column":44},"end":{"line":111,"column":null}},"type":"if","locations":[{"start":{"line":105,"column":44},"end":{"line":111,"column":null}},{"start":{"line":107,"column":51},"end":{"line":111,"column":null}}],"line":105},"13":{"loc":{"start":{"line":105,"column":48},"end":{"line":105,"column":117}},"type":"binary-expr","locations":[{"start":{"line":105,"column":48},"end":{"line":105,"column":84}},{"start":{"line":105,"column":84},"end":{"line":105,"column":117}}],"line":105},"14":{"loc":{"start":{"line":112,"column":40},"end":{"line":115,"column":null}},"type":"if","locations":[{"start":{"line":112,"column":40},"end":{"line":115,"column":null}},{"start":{},"end":{}}],"line":112},"15":{"loc":{"start":{"line":112,"column":51},"end":{"line":112,"column":106}},"type":"binary-expr","locations":[{"start":{"line":112,"column":51},"end":{"line":112,"column":80}},{"start":{"line":112,"column":80},"end":{"line":112,"column":106}}],"line":112},"16":{"loc":{"start":{"line":117,"column":138},"end":{"line":117,"column":null}},"type":"cond-expr","locations":[{"start":{"line":117,"column":149},"end":{"line":117,"column":164}},{"start":{"line":117,"column":164},"end":{"line":117,"column":null}}],"line":117},"17":{"loc":{"start":{"line":120,"column":37},"end":{"line":125,"column":null}},"type":"binary-expr","locations":[{"start":{"line":120,"column":37},"end":{"line":120,"column":null}},{"start":{"line":121,"column":40},"end":{"line":125,"column":null}}],"line":120},"18":{"loc":{"start":{"line":140,"column":29},"end":{"line":140,"column":null}},"type":"cond-expr","locations":[{"start":{"line":140,"column":48},"end":{"line":140,"column":78}},{"start":{"line":140,"column":78},"end":{"line":140,"column":null}}],"line":140},"19":{"loc":{"start":{"line":160,"column":29},"end":{"line":160,"column":null}},"type":"cond-expr","locations":[{"start":{"line":160,"column":48},"end":{"line":160,"column":78}},{"start":{"line":160,"column":78},"end":{"line":160,"column":null}}],"line":160},"20":{"loc":{"start":{"line":166,"column":29},"end":{"line":166,"column":null}},"type":"cond-expr","locations":[{"start":{"line":166,"column":38},"end":{"line":166,"column":66}},{"start":{"line":166,"column":66},"end":{"line":166,"column":null}}],"line":166},"21":{"loc":{"start":{"line":174,"column":17},"end":{"line":206,"column":null}},"type":"binary-expr","locations":[{"start":{"line":174,"column":17},"end":{"line":174,"column":null}},{"start":{"line":175,"column":20},"end":{"line":206,"column":null}}],"line":174},"22":{"loc":{"start":{"line":188,"column":114},"end":{"line":190,"column":null}},"type":"cond-expr","locations":[{"start":{"line":189,"column":42},"end":{"line":189,"column":null}},{"start":{"line":190,"column":42},"end":{"line":190,"column":null}}],"line":188}},"s":{"0":1,"1":19,"2":19,"3":19,"4":19,"5":19,"6":16,"7":6,"8":10,"9":16,"10":19,"11":3,"12":19,"13":16,"14":4,"15":3,"16":2,"17":1,"18":1,"19":16,"20":16,"21":16,"22":19,"23":13,"24":13,"25":0,"26":0,"27":0,"28":13,"29":0,"30":13,"31":13,"32":0,"33":19,"34":19,"35":2,"36":2,"37":1,"38":1,"39":95,"40":95,"41":4,"42":3,"43":3,"44":3,"45":2,"46":1,"47":1,"48":1,"49":0,"50":0,"51":0,"52":0,"53":0,"54":0},"f":{"0":19,"1":16,"2":3,"3":16,"4":4,"5":16,"6":13,"7":0,"8":0,"9":0,"10":13,"11":0,"12":2,"13":95,"14":4,"15":0,"16":0,"17":0,"18":0,"19":0},"b":{"0":[19,1],"1":[6,10],"2":[2,1],"3":[3,1],"4":[2,1],"5":[1,0],"6":[0,0],"7":[2,17],"8":[2,17],"9":[1,1],"10":[2,1],"11":[3,1],"12":[2,1],"13":[3,1],"14":[1,0],"15":[1,1],"16":[19,76],"17":[95,19],"18":[6,13],"19":[6,13],"20":[0,19],"21":[19,0],"22":[0,0]},"meta":{"lastBranch":23,"lastFunction":20,"lastStatement":55,"seen":{"s:5:22:211:Infinity":0,"f:5:22:5:28":0,"s:6:28:6:Infinity":1,"s:7:32:7:Infinity":2,"s:8:42:8:Infinity":3,"s:9:26:9:Infinity":4,"b:9:39:9:72:9:72:9:78":0,"s:12:4:19:Infinity":5,"f:12:14:12:20":1,"b:13:8:17:Infinity:15:15:17:Infinity":1,"s:13:8:17:Infinity":6,"s:14:12:14:Infinity":7,"s:16:12:16:Infinity":8,"s:18:8:18:Infinity":9,"s:21:24:23:Infinity":10,"f:21:24:21:30":2,"s:22:8:22:Infinity":11,"b:22:36:22:46:22:46:22:52":2,"s:26:4:36:Infinity":12,"f:26:14:26:20":3,"s:27:29:33:Infinity":13,"f:27:29:27:35":4,"b:28:12:32:Infinity:30:19:32:Infinity":3,"s:28:12:32:Infinity":14,"b:29:16:29:Infinity:undefined:undefined:undefined:undefined":4,"s:29:16:29:Infinity":15,"s:29:31:29:Infinity":16,"b:31:16:31:Infinity:undefined:undefined:undefined:undefined":5,"s:31:16:31:Infinity":17,"s:31:30:31:Infinity":18,"s:34:8:34:Infinity":19,"s:35:8:35:Infinity":20,"f:35:15:35:21":5,"s:35:21:35:Infinity":21,"s:39:4:57:Infinity":22,"f:39:14:39:20":6,"s:40:25:40:Infinity":23,"s:41:25:53:Infinity":24,"f:42:12:42:13":7,"s:43:16:47:Infinity":25,"f:43:32:43:33":8,"b:44:20:46:Infinity:undefined:undefined:undefined:undefined":6,"s:44:20:46:Infinity":26,"s:45:24:45:Infinity":27,"s:55:8:55:Infinity":28,"f:55:25:55:26":9,"s:55:38:55:63":29,"s:56:8:56:Infinity":30,"f:56:15:56:21":10,"s:56:21:56:Infinity":31,"f:56:38:56:39":11,"s:56:51:56:78":32,"s:59:21:65:Infinity":33,"s:67:4:209:Infinity":34,"b:69:95:69:105:69:105:69:Infinity":7,"b:73:18:73:Infinity:74:18:74:Infinity":8,"f:78:45:78:46":12,"s:79:24:79:Infinity":35,"b:80:24:84:Infinity:82:31:84:Infinity":9,"s:80:24:84:Infinity":36,"b:80:28:80:64:80:64:80:97":10,"s:81:28:81:Infinity":37,"s:83:28:83:Infinity":38,"f:94:38:94:39":13,"s:95:45:95:Infinity":39,"s:96:28:128:Infinity":40,"f:100:45:100:46":14,"b:101:40:115:Infinity:112:40:115:Infinity":11,"s:101:40:115:Infinity":41,"s:102:44:102:Infinity":42,"s:103:61:103:Infinity":43,"b:105:44:111:Infinity:107:51:111:Infinity":12,"s:105:44:111:Infinity":44,"b:105:48:105:84:105:84:105:117":13,"s:106:48:106:Infinity":45,"s:110:48:110:Infinity":46,"b:112:40:115:Infinity:undefined:undefined:undefined:undefined":14,"s:112:40:115:Infinity":47,"b:112:51:112:80:112:80:112:106":15,"s:114:44:114:Infinity":48,"b:117:149:117:164:117:164:117:Infinity":16,"b:120:37:120:Infinity:121:40:125:Infinity":17,"b:140:48:140:78:140:78:140:Infinity":18,"f:144:37:144:38":15,"s:145:32:145:Infinity":49,"s:146:32:146:Infinity":50,"b:160:48:160:78:160:78:160:Infinity":19,"f:163:37:163:43":16,"s:163:43:163:Infinity":51,"b:166:38:166:66:166:66:166:Infinity":20,"b:174:17:174:Infinity:175:20:206:Infinity":21,"f:183:42:183:43":17,"s:184:32:194:Infinity":52,"f:187:45:187:51":18,"s:187:51:187:Infinity":53,"b:189:42:189:Infinity:190:42:190:Infinity":22,"f:199:41:199:47":19,"s:199:47:199:Infinity":54}}}
,"C:\\Users\\bhask\\Desktop\\Workspace\\Bhaskar\\web-agency-portfolio\\src\\components\\Portfolio.jsx": {"path":"C:\\Users\\bhask\\Desktop\\Workspace\\Bhaskar\\web-agency-portfolio\\src\\components\\Portfolio.jsx","statementMap":{"0":{"start":{"line":5,"column":17},"end":{"line":43,"column":null}},"1":{"start":{"line":45,"column":20},"end":{"line":133,"column":null}},"2":{"start":{"line":46,"column":10},"end":{"line":46,"column":null}},"3":{"start":{"line":47,"column":10},"end":{"line":47,"column":null}},"4":{"start":{"line":48,"column":10},"end":{"line":48,"column":null}},"5":{"start":{"line":50,"column":10},"end":{"line":50,"column":null}},"6":{"start":{"line":51,"column":10},"end":{"line":51,"column":null}},"7":{"start":{"line":53,"column":10},"end":{"line":53,"column":null}},"8":{"start":{"line":54,"column":10},"end":{"line":54,"column":null}},"9":{"start":{"line":56,"column":28},"end":{"line":66,"column":null}},"10":{"start":{"line":57,"column":21},"end":{"line":57,"column":null}},"11":{"start":{"line":58,"column":22},"end":{"line":58,"column":null}},"12":{"start":{"line":59,"column":23},"end":{"line":59,"column":null}},"13":{"start":{"line":60,"column":23},"end":{"line":60,"column":null}},"14":{"start":{"line":61,"column":23},"end":{"line":61,"column":null}},"15":{"start":{"line":62,"column":21},"end":{"line":62,"column":null}},"16":{"start":{"line":63,"column":21},"end":{"line":63,"column":null}},"17":{"start":{"line":64,"column":8},"end":{"line":64,"column":null}},"18":{"start":{"line":65,"column":8},"end":{"line":65,"column":null}},"19":{"start":{"line":68,"column":29},"end":{"line":71,"column":null}},"20":{"start":{"line":69,"column":8},"end":{"line":69,"column":null}},"21":{"start":{"line":70,"column":8},"end":{"line":70,"column":null}},"22":{"start":{"line":73,"column":4},"end":{"line":131,"column":null}},"23":{"start":{"line":78,"column":27},"end":{"line":78,"column":null}},"24":{"start":{"line":124,"column":28},"end":{"line":126,"column":null}},"25":{"start":{"line":135,"column":18},"end":{"line":176,"column":null}},"26":{"start":{"line":136,"column":4},"end":{"line":174,"column":null}},"27":{"start":{"line":164,"column":24},"end":{"line":164,"column":null}}},"fnMap":{"0":{"name":"(anonymous_0)","decl":{"start":{"line":45,"column":20},"end":{"line":45,"column":21}},"loc":{"start":{"line":45,"column":37},"end":{"line":133,"column":null}},"line":45},"1":{"name":"(anonymous_1)","decl":{"start":{"line":56,"column":28},"end":{"line":56,"column":29}},"loc":{"start":{"line":56,"column":35},"end":{"line":66,"column":null}},"line":56},"2":{"name":"(anonymous_2)","decl":{"start":{"line":68,"column":29},"end":{"line":68,"column":35}},"loc":{"start":{"line":68,"column":35},"end":{"line":71,"column":null}},"line":68},"3":{"name":"(anonymous_3)","decl":{"start":{"line":78,"column":21},"end":{"line":78,"column":27}},"loc":{"start":{"line":78,"column":27},"end":{"line":78,"column":null}},"line":78},"4":{"name":"(anonymous_4)","decl":{"start":{"line":123,"column":42},"end":{"line":123,"column":null}},"loc":{"start":{"line":124,"column":28},"end":{"line":126,"column":null}},"line":124},"5":{"name":"(anonymous_5)","decl":{"start":{"line":135,"column":18},"end":{"line":135,"column":24}},"loc":{"start":{"line":135,"column":24},"end":{"line":176,"column":null}},"line":135},"6":{"name":"(anonymous_6)","decl":{"start":{"line":163,"column":34},"end":{"line":163,"column":35}},"loc":{"start":{"line":164,"column":24},"end":{"line":164,"column":null}},"line":164}},"branchMap":{"0":{"loc":{"start":{"line":78,"column":27},"end":{"line":78,"column":null}},"type":"binary-expr","locations":[{"start":{"line":78,"column":27},"end":{"line":78,"column":43}},{"start":{"line":78,"column":43},"end":{"line":78,"column":null}}],"line":78},"1":{"loc":{"start":{"line":84,"column":149},"end":{"line":84,"column":null}},"type":"cond-expr","locations":[{"start":{"line":84,"column":176},"end":{"line":84,"column":223}},{"start":{"line":84,"column":223},"end":{"line":84,"column":null}}],"line":84}},"s":{"0":1,"1":1,"2":24,"3":24,"4":24,"5":24,"6":24,"7":24,"8":24,"9":24,"10":2,"11":2,"12":2,"13":2,"14":2,"15":2,"16":2,"17":2,"18":2,"19":24,"20":1,"21":1,"22":24,"23":0,"24":60,"25":1,"26":6,"27":24},"f":{"0":24,"1":2,"2":1,"3":0,"4":60,"5":6,"6":24},"b":{"0":[0,0],"1":[6,18]},"meta":{"lastBranch":2,"lastFunction":7,"lastStatement":28,"seen":{"s:5:17:43:Infinity":0,"s:45:20:133:Infinity":1,"f:45:20:45:21":0,"s:46:10:46:Infinity":2,"s:47:10:47:Infinity":3,"s:48:10:48:Infinity":4,"s:50:10:50:Infinity":5,"s:51:10:51:Infinity":6,"s:53:10:53:Infinity":7,"s:54:10:54:Infinity":8,"s:56:28:66:Infinity":9,"f:56:28:56:29":1,"s:57:21:57:Infinity":10,"s:58:22:58:Infinity":11,"s:59:23:59:Infinity":12,"s:60:23:60:Infinity":13,"s:61:23:61:Infinity":14,"s:62:21:62:Infinity":15,"s:63:21:63:Infinity":16,"s:64:8:64:Infinity":17,"s:65:8:65:Infinity":18,"s:68:29:71:Infinity":19,"f:68:29:68:35":2,"s:69:8:69:Infinity":20,"s:70:8:70:Infinity":21,"s:73:4:131:Infinity":22,"f:78:21:78:27":3,"s:78:27:78:Infinity":23,"b:78:27:78:43:78:43:78:Infinity":0,"b:84:176:84:223:84:223:84:Infinity":1,"f:123:42:123:Infinity":4,"s:124:28:126:Infinity":24,"s:135:18:176:Infinity":25,"f:135:18:135:24":5,"s:136:4:174:Infinity":26,"f:163:34:163:35":6,"s:164:24:164:Infinity":27}}}
,"C:\\Users\\bhask\\Desktop\\Workspace\\Bhaskar\\web-agency-portfolio\\src\\components\\RevealOnScroll.jsx": {"path":"C:\\Users\\bhask\\Desktop\\Workspace\\Bhaskar\\web-agency-portfolio\\src\\components\\RevealOnScroll.jsx","statementMap":{"0":{"start":{"line":3,"column":30},"end":{"line":14,"column":null}},"1":{"start":{"line":4,"column":4},"end":{"line":12,"column":null}}},"fnMap":{"0":{"name":"(anonymous_0)","decl":{"start":{"line":3,"column":30},"end":{"line":3,"column":31}},"loc":{"start":{"line":3,"column":48},"end":{"line":14,"column":null}},"line":3}},"branchMap":{},"s":{"0":1,"1":1},"f":{"0":1},"b":{},"meta":{"lastBranch":0,"lastFunction":1,"lastStatement":2,"seen":{"s:3:30:14:Infinity":0,"f:3:30:3:31":0,"s:4:4:12:Infinity":1}}}
,"C:\\Users\\bhask\\Desktop\\Workspace\\Bhaskar\\web-agency-portfolio\\src\\components\\SEO.jsx": {"path":"C:\\Users\\bhask\\Desktop\\Workspace\\Bhaskar\\web-agency-portfolio\\src\\components\\SEO.jsx","statementMap":{"0":{"start":{"line":3,"column":12},"end":{"line":32,"column":null}},"1":{"start":{"line":10,"column":4},"end":{"line":30,"column":null}}},"fnMap":{"0":{"name":"(anonymous_0)","decl":{"start":{"line":3,"column":12},"end":{"line":3,"column":13}},"loc":{"start":{"line":9,"column":6},"end":{"line":32,"column":null}},"line":9}},"branchMap":{"0":{"loc":{"start":{"line":4,"column":4},"end":{"line":4,"column":null}},"type":"default-arg","locations":[{"start":{"line":4,"column":12},"end":{"line":4,"column":null}}],"line":4},"1":{"loc":{"start":{"line":5,"column":4},"end":{"line":5,"column":null}},"type":"default-arg","locations":[{"start":{"line":5,"column":18},"end":{"line":5,"column":null}}],"line":5},"2":{"loc":{"start":{"line":6,"column":4},"end":{"line":6,"column":null}},"type":"default-arg","locations":[{"start":{"line":6,"column":15},"end":{"line":6,"column":null}}],"line":6},"3":{"loc":{"start":{"line":7,"column":4},"end":{"line":7,"column":null}},"type":"default-arg","locations":[{"start":{"line":7,"column":12},"end":{"line":7,"column":null}}],"line":7},"4":{"loc":{"start":{"line":8,"column":4},"end":{"line":8,"column":null}},"type":"default-arg","locations":[{"start":{"line":8,"column":10},"end":{"line":8,"column":null}}],"line":8}},"s":{"0":1,"1":1},"f":{"0":1},"b":{"0":[1],"1":[1],"2":[1],"3":[1],"4":[1]},"meta":{"lastBranch":5,"lastFunction":1,"lastStatement":2,"seen":{"s:3:12:32:Infinity":0,"f:3:12:3:13":0,"b:4:12:4:Infinity":0,"b:5:18:5:Infinity":1,"b:6:15:6:Infinity":2,"b:7:12:7:Infinity":3,"b:8:10:8:Infinity":4,"s:10:4:30:Infinity":1}}}
,"C:\\Users\\bhask\\Desktop\\Workspace\\Bhaskar\\web-agency-portfolio\\src\\components\\Services.jsx": {"path":"C:\\Users\\bhask\\Desktop\\Workspace\\Bhaskar\\web-agency-portfolio\\src\\components\\Services.jsx","statementMap":{"0":{"start":{"line":4,"column":17},"end":{"line":47,"column":null}},"1":{"start":{"line":49,"column":17},"end":{"line":105,"column":null}},"2":{"start":{"line":50,"column":4},"end":{"line":103,"column":null}},"3":{"start":{"line":84,"column":24},"end":{"line":99,"column":null}}},"fnMap":{"0":{"name":"(anonymous_0)","decl":{"start":{"line":49,"column":17},"end":{"line":49,"column":23}},"loc":{"start":{"line":49,"column":23},"end":{"line":105,"column":null}},"line":49},"1":{"name":"(anonymous_1)","decl":{"start":{"line":83,"column":34},"end":{"line":83,"column":35}},"loc":{"start":{"line":84,"column":24},"end":{"line":99,"column":null}},"line":84}},"branchMap":{},"s":{"0":1,"1":1,"2":3,"3":18},"f":{"0":3,"1":18},"b":{},"meta":{"lastBranch":0,"lastFunction":2,"lastStatement":4,"seen":{"s:4:17:47:Infinity":0,"s:49:17:105:Infinity":1,"f:49:17:49:23":0,"s:50:4:103:Infinity":2,"f:83:34:83:35":1,"s:84:24:99:Infinity":3}}}
,"C:\\Users\\bhask\\Desktop\\Workspace\\Bhaskar\\web-agency-portfolio\\src\\components\\Testimonials.jsx": {"path":"C:\\Users\\bhask\\Desktop\\Workspace\\Bhaskar\\web-agency-portfolio\\src\\components\\Testimonials.jsx","statementMap":{"0":{"start":{"line":4,"column":21},"end":{"line":29,"column":null}},"1":{"start":{"line":31,"column":21},"end":{"line":96,"column":null}},"2":{"start":{"line":32,"column":4},"end":{"line":94,"column":null}},"3":{"start":{"line":59,"column":24},"end":{"line":90,"column":null}},"4":{"start":{"line":71,"column":36},"end":{"line":71,"column":null}}},"fnMap":{"0":{"name":"(anonymous_0)","decl":{"start":{"line":31,"column":21},"end":{"line":31,"column":27}},"loc":{"start":{"line":31,"column":27},"end":{"line":96,"column":null}},"line":31},"1":{"name":"(anonymous_1)","decl":{"start":{"line":58,"column":38},"end":{"line":58,"column":39}},"loc":{"start":{"line":59,"column":24},"end":{"line":90,"column":null}},"line":59},"2":{"name":"(anonymous_2)","decl":{"start":{"line":70,"column":68},"end":{"line":70,"column":69}},"loc":{"start":{"line":71,"column":36},"end":{"line":71,"column":null}},"line":71}},"branchMap":{},"s":{"0":1,"1":1,"2":3,"3":9,"4":45},"f":{"0":3,"1":9,"2":45},"b":{},"meta":{"lastBranch":0,"lastFunction":3,"lastStatement":5,"seen":{"s:4:21:29:Infinity":0,"s:31:21:96:Infinity":1,"f:31:21:31:27":0,"s:32:4:94:Infinity":2,"f:58:38:58:39":1,"s:59:24:90:Infinity":3,"f:70:68:70:69":2,"s:71:36:71:Infinity":4}}}
,"C:\\Users\\bhask\\Desktop\\Workspace\\Bhaskar\\web-agency-portfolio\\src\\pages\\Blog.jsx": {"path":"C:\\Users\\bhask\\Desktop\\Workspace\\Bhaskar\\web-agency-portfolio\\src\\pages\\Blog.jsx","statementMap":{"0":{"start":{"line":6,"column":13},"end":{"line":150,"column":null}},"1":{"start":{"line":7,"column":26},"end":{"line":7,"column":null}},"2":{"start":{"line":8,"column":30},"end":{"line":8,"column":null}},"3":{"start":{"line":10,"column":4},"end":{"line":67,"column":null}},"4":{"start":{"line":11,"column":27},"end":{"line":64,"column":null}},"5":{"start":{"line":13,"column":12},"end":{"line":32,"column":null}},"6":{"start":{"line":14,"column":16},"end":{"line":31,"column":null}},"7":{"start":{"line":15,"column":34},"end":{"line":15,"column":null}},"8":{"start":{"line":23,"column":40},"end":{"line":23,"column":null}},"9":{"start":{"line":24,"column":20},"end":{"line":28,"column":null}},"10":{"start":{"line":25,"column":24},"end":{"line":25,"column":null}},"11":{"start":{"line":26,"column":24},"end":{"line":26,"column":null}},"12":{"start":{"line":27,"column":24},"end":{"line":27,"column":null}},"13":{"start":{"line":30,"column":20},"end":{"line":30,"column":null}},"14":{"start":{"line":35,"column":30},"end":{"line":60,"column":null}},"15":{"start":{"line":62,"column":12},"end":{"line":62,"column":null}},"16":{"start":{"line":63,"column":12},"end":{"line":63,"column":null}},"17":{"start":{"line":66,"column":8},"end":{"line":66,"column":null}},"18":{"start":{"line":69,"column":4},"end":{"line":148,"column":null}},"19":{"start":{"line":95,"column":32},"end":{"line":137,"column":null}}},"fnMap":{"0":{"name":"(anonymous_0)","decl":{"start":{"line":6,"column":13},"end":{"line":6,"column":19}},"loc":{"start":{"line":6,"column":19},"end":{"line":150,"column":null}},"line":6},"1":{"name":"(anonymous_1)","decl":{"start":{"line":10,"column":14},"end":{"line":10,"column":20}},"loc":{"start":{"line":10,"column":20},"end":{"line":67,"column":7}},"line":10},"2":{"name":"(anonymous_2)","decl":{"start":{"line":11,"column":27},"end":{"line":11,"column":39}},"loc":{"start":{"line":11,"column":39},"end":{"line":64,"column":null}},"line":11},"3":{"name":"(anonymous_3)","decl":{"start":{"line":94,"column":38},"end":{"line":94,"column":39}},"loc":{"start":{"line":95,"column":32},"end":{"line":137,"column":null}},"line":95}},"branchMap":{"0":{"loc":{"start":{"line":13,"column":12},"end":{"line":32,"column":null}},"type":"if","locations":[{"start":{"line":13,"column":12},"end":{"line":32,"column":null}},{"start":{},"end":{}}],"line":13},"1":{"loc":{"start":{"line":24,"column":20},"end":{"line":28,"column":null}},"type":"if","locations":[{"start":{"line":24,"column":20},"end":{"line":28,"column":null}},{"start":{},"end":{}}],"line":24},"2":{"loc":{"start":{"line":87,"column":17},"end":{"line":145,"column":null}},"type":"cond-expr","locations":[{"start":{"line":88,"column":20},"end":{"line":90,"column":null}},{"start":{"line":92,"column":20},"end":{"line":145,"column":null}}],"line":87},"3":{"loc":{"start":{"line":93,"column":25},"end":{"line":142,"column":null}},"type":"cond-expr","locations":[{"start":{"line":94,"column":28},"end":{"line":138,"column":null}},{"start":{"line":140,"column":28},"end":{"line":142,"column":null}}],"line":93},"4":{"loc":{"start":{"line":99,"column":53},"end":{"line":99,"column":null}},"type":"binary-expr","locations":[{"start":{"line":99,"column":53},"end":{"line":99,"column":72}},{"start":{"line":99,"column":72},"end":{"line":99,"column":null}}],"line":99},"5":{"loc":{"start":{"line":112,"column":49},"end":{"line":116,"column":null}},"type":"binary-expr","locations":[{"start":{"line":112,"column":49},"end":{"line":112,"column":null}},{"start":{"line":113,"column":52},"end":{"line":116,"column":null}}],"line":112},"6":{"loc":{"start":{"line":115,"column":57},"end":{"line":115,"column":null}},"type":"binary-expr","locations":[{"start":{"line":115,"column":57},"end":{"line":115,"column":77}},{"start":{"line":115,"column":77},"end":{"line":115,"column":null}}],"line":115}},"s":{"0":1,"1":4,"2":4,"3":4,"4":2,"5":2,"6":2,"7":2,"8":2,"9":2,"10":1,"11":1,"12":1,"13":0,"14":1,"15":1,"16":1,"17":2,"18":4,"19":4},"f":{"0":4,"1":2,"2":2,"3":4},"b":{"0":[2,0],"1":[1,1],"2":[2,2],"3":[2,0],"4":[4,0],"5":[4,4],"6":[4,0]},"meta":{"lastBranch":7,"lastFunction":4,"lastStatement":20,"seen":{"s:6:13:150:Infinity":0,"f:6:13:6:19":0,"s:7:26:7:Infinity":1,"s:8:30:8:Infinity":2,"s:10:4:67:Infinity":3,"f:10:14:10:20":1,"s:11:27:64:Infinity":4,"f:11:27:11:39":2,"b:13:12:32:Infinity:undefined:undefined:undefined:undefined":0,"s:13:12:32:Infinity":5,"s:14:16:31:Infinity":6,"s:15:34:15:Infinity":7,"s:23:40:23:Infinity":8,"b:24:20:28:Infinity:undefined:undefined:undefined:undefined":1,"s:24:20:28:Infinity":9,"s:25:24:25:Infinity":10,"s:26:24:26:Infinity":11,"s:27:24:27:Infinity":12,"s:30:20:30:Infinity":13,"s:35:30:60:Infinity":14,"s:62:12:62:Infinity":15,"s:63:12:63:Infinity":16,"s:66:8:66:Infinity":17,"s:69:4:148:Infinity":18,"b:88:20:90:Infinity:92:20:145:Infinity":2,"b:94:28:138:Infinity:140:28:142:Infinity":3,"f:94:38:94:39":3,"s:95:32:137:Infinity":19,"b:99:53:99:72:99:72:99:Infinity":4,"b:112:49:112:Infinity:113:52:116:Infinity":5,"b:115:57:115:77:115:77:115:Infinity":6}}}
,"C:\\Users\\bhask\\Desktop\\Workspace\\Bhaskar\\web-agency-portfolio\\src\\pages\\BlogPost.jsx": {"path":"C:\\Users\\bhask\\Desktop\\Workspace\\Bhaskar\\web-agency-portfolio\\src\\pages\\BlogPost.jsx","statementMap":{"0":{"start":{"line":6,"column":17},"end":{"line":150,"column":null}},"1":{"start":{"line":9,"column":15},"end":{"line":9,"column":null}},"2":{"start":{"line":11,"column":24},"end":{"line":11,"column":null}},"3":{"start":{"line":12,"column":30},"end":{"line":12,"column":null}},"4":{"start":{"line":14,"column":4},"end":{"line":88,"column":null}},"5":{"start":{"line":15,"column":26},"end":{"line":85,"column":null}},"6":{"start":{"line":17,"column":12},"end":{"line":42,"column":null}},"7":{"start":{"line":18,"column":16},"end":{"line":41,"column":null}},"8":{"start":{"line":19,"column":34},"end":{"line":19,"column":null}},"9":{"start":{"line":27,"column":39},"end":{"line":27,"column":null}},"10":{"start":{"line":28,"column":20},"end":{"line":38,"column":null}},"11":{"start":{"line":29,"column":24},"end":{"line":35,"column":null}},"12":{"start":{"line":36,"column":24},"end":{"line":36,"column":null}},"13":{"start":{"line":37,"column":24},"end":{"line":37,"column":null}},"14":{"start":{"line":40,"column":20},"end":{"line":40,"column":null}},"15":{"start":{"line":45,"column":30},"end":{"line":77,"column":null}},"16":{"start":{"line":79,"column":30},"end":{"line":79,"column":null}},"17":{"start":{"line":79,"column":50},"end":{"line":79,"column":62}},"18":{"start":{"line":81,"column":12},"end":{"line":83,"column":null}},"19":{"start":{"line":82,"column":16},"end":{"line":82,"column":null}},"20":{"start":{"line":84,"column":12},"end":{"line":84,"column":null}},"21":{"start":{"line":87,"column":8},"end":{"line":87,"column":null}},"22":{"start":{"line":90,"column":4},"end":{"line":93,"column":null}},"23":{"start":{"line":90,"column":17},"end":{"line":93,"column":null}},"24":{"start":{"line":96,"column":4},"end":{"line":100,"column":null}},"25":{"start":{"line":96,"column":15},"end":{"line":100,"column":null}},"26":{"start":{"line":103,"column":4},"end":{"line":148,"column":null}}},"fnMap":{"0":{"name":"(anonymous_0)","decl":{"start":{"line":6,"column":17},"end":{"line":6,"column":23}},"loc":{"start":{"line":6,"column":23},"end":{"line":150,"column":null}},"line":6},"1":{"name":"(anonymous_1)","decl":{"start":{"line":14,"column":14},"end":{"line":14,"column":20}},"loc":{"start":{"line":14,"column":20},"end":{"line":88,"column":7}},"line":14},"2":{"name":"(anonymous_2)","decl":{"start":{"line":15,"column":26},"end":{"line":15,"column":38}},"loc":{"start":{"line":15,"column":38},"end":{"line":85,"column":null}},"line":15},"3":{"name":"(anonymous_3)","decl":{"start":{"line":79,"column":45},"end":{"line":79,"column":50}},"loc":{"start":{"line":79,"column":50},"end":{"line":79,"column":62}},"line":79}},"branchMap":{"0":{"loc":{"start":{"line":17,"column":12},"end":{"line":42,"column":null}},"type":"if","locations":[{"start":{"line":17,"column":12},"end":{"line":42,"column":null}},{"start":{},"end":{}}],"line":17},"1":{"loc":{"start":{"line":28,"column":20},"end":{"line":38,"column":null}},"type":"if","locations":[{"start":{"line":28,"column":20},"end":{"line":38,"column":null}},{"start":{},"end":{}}],"line":28},"2":{"loc":{"start":{"line":34,"column":37},"end":{"line":34,"column":null}},"type":"binary-expr","locations":[{"start":{"line":34,"column":37},"end":{"line":34,"column":56}},{"start":{"line":34,"column":56},"end":{"line":34,"column":null}}],"line":34},"3":{"loc":{"start":{"line":81,"column":12},"end":{"line":83,"column":null}},"type":"if","locations":[{"start":{"line":81,"column":12},"end":{"line":83,"column":null}},{"start":{},"end":{}}],"line":81},"4":{"loc":{"start":{"line":90,"column":4},"end":{"line":93,"column":null}},"type":"if","locations":[{"start":{"line":90,"column":4},"end":{"line":93,"column":null}},{"start":{},"end":{}}],"line":90},"5":{"loc":{"start":{"line":96,"column":4},"end":{"line":100,"column":null}},"type":"if","locations":[{"start":{"line":96,"column":4},"end":{"line":100,"column":null}},{"start":{},"end":{}}],"line":96},"6":{"loc":{"start":{"line":105,"column":13},"end":{"line":105,"column":null}},"type":"binary-expr","locations":[{"start":{"line":105,"column":13},"end":{"line":105,"column":21}},{"start":{"line":105,"column":21},"end":{"line":105,"column":null}}],"line":105},"7":{"loc":{"start":{"line":125,"column":25},"end":{"line":129,"column":null}},"type":"binary-expr","locations":[{"start":{"line":125,"column":25},"end":{"line":125,"column":null}},{"start":{"line":126,"column":28},"end":{"line":129,"column":null}}],"line":125},"8":{"loc":{"start":{"line":128,"column":33},"end":{"line":128,"column":null}},"type":"binary-expr","locations":[{"start":{"line":128,"column":33},"end":{"line":128,"column":53}},{"start":{"line":128,"column":53},"end":{"line":128,"column":null}}],"line":128}},"s":{"0":1,"1":6,"2":6,"3":6,"4":6,"5":3,"6":3,"7":3,"8":3,"9":3,"10":3,"11":1,"12":1,"13":1,"14":0,"15":2,"16":2,"17":6,"18":2,"19":0,"20":2,"21":3,"22":6,"23":3,"24":2,"25":2,"26":1},"f":{"0":6,"1":3,"2":3,"3":6},"b":{"0":[3,0],"1":[1,2],"2":[1,0],"3":[0,2],"4":[3,3],"5":[1,1],"6":[1,1],"7":[6,1],"8":[1,0]},"meta":{"lastBranch":9,"lastFunction":4,"lastStatement":27,"seen":{"s:6:17:150:Infinity":0,"f:6:17:6:23":0,"s:9:15:9:Infinity":1,"s:11:24:11:Infinity":2,"s:12:30:12:Infinity":3,"s:14:4:88:Infinity":4,"f:14:14:14:20":1,"s:15:26:85:Infinity":5,"f:15:26:15:38":2,"b:17:12:42:Infinity:undefined:undefined:undefined:undefined":0,"s:17:12:42:Infinity":6,"s:18:16:41:Infinity":7,"s:19:34:19:Infinity":8,"s:27:39:27:Infinity":9,"b:28:20:38:Infinity:undefined:undefined:undefined:undefined":1,"s:28:20:38:Infinity":10,"s:29:24:35:Infinity":11,"b:34:37:34:56:34:56:34:Infinity":2,"s:36:24:36:Infinity":12,"s:37:24:37:Infinity":13,"s:40:20:40:Infinity":14,"s:45:30:77:Infinity":15,"s:79:30:79:Infinity":16,"f:79:45:79:50":3,"s:79:50:79:62":17,"b:81:12:83:Infinity:undefined:undefined:undefined:undefined":3,"s:81:12:83:Infinity":18,"s:82:16:82:Infinity":19,"s:84:12:84:Infinity":20,"s:87:8:87:Infinity":21,"b:90:4:93:Infinity:undefined:undefined:undefined:undefined":4,"s:90:4:93:Infinity":22,"s:90:17:93:Infinity":23,"b:96:4:100:Infinity:undefined:undefined:undefined:undefined":5,"s:96:4:100:Infinity":24,"s:96:15:100:Infinity":25,"s:103:4:148:Infinity":26,"b:105:13:105:21:105:21:105:Infinity":6,"b:125:25:125:Infinity:126:28:129:Infinity":7,"b:128:33:128:53:128:53:128:Infinity":8}}}
,"C:\\Users\\bhask\\Desktop\\Workspace\\Bhaskar\\web-agency-portfolio\\src\\pages\\Home.jsx": {"path":"C:\\Users\\bhask\\Desktop\\Workspace\\Bhaskar\\web-agency-portfolio\\src\\pages\\Home.jsx","statementMap":{"0":{"start":{"line":8,"column":13},"end":{"line":18,"column":null}},"1":{"start":{"line":9,"column":4},"end":{"line":16,"column":null}}},"fnMap":{"0":{"name":"(anonymous_0)","decl":{"start":{"line":8,"column":13},"end":{"line":8,"column":19}},"loc":{"start":{"line":8,"column":19},"end":{"line":18,"column":null}},"line":8}},"branchMap":{},"s":{"0":1,"1":1},"f":{"0":1},"b":{},"meta":{"lastBranch":0,"lastFunction":1,"lastStatement":2,"seen":{"s:8:13:18:Infinity":0,"f:8:13:8:19":0,"s:9:4:16:Infinity":1}}}
,"C:\\Users\\bhask\\Desktop\\Workspace\\Bhaskar\\web-agency-portfolio\\src\\pages\\NotFound.jsx": {"path":"C:\\Users\\bhask\\Desktop\\Workspace\\Bhaskar\\web-agency-portfolio\\src\\pages\\NotFound.jsx","statementMap":{"0":{"start":{"line":5,"column":17},"end":{"line":40,"column":null}},"1":{"start":{"line":6,"column":4},"end":{"line":38,"column":null}}},"fnMap":{"0":{"name":"(anonymous_0)","decl":{"start":{"line":5,"column":17},"end":{"line":5,"column":23}},"loc":{"start":{"line":5,"column":23},"end":{"line":40,"column":null}},"line":5}},"branchMap":{},"s":{"0":1,"1":2},"f":{"0":2},"b":{},"meta":{"lastBranch":0,"lastFunction":1,"lastStatement":2,"seen":{"s:5:17:40:Infinity":0,"f:5:17:5:23":0,"s:6:4:38:Infinity":1}}}
,"C:\\Users\\bhask\\Desktop\\Workspace\\Bhaskar\\web-agency-portfolio\\src\\pages\\PrivacyPolicy.jsx": {"path":"C:\\Users\\bhask\\Desktop\\Workspace\\Bhaskar\\web-agency-portfolio\\src\\pages\\PrivacyPolicy.jsx","statementMap":{"0":{"start":{"line":4,"column":22},"end":{"line":93,"column":null}},"1":{"start":{"line":5,"column":4},"end":{"line":91,"column":null}}},"fnMap":{"0":{"name":"(anonymous_0)","decl":{"start":{"line":4,"column":22},"end":{"line":4,"column":28}},"loc":{"start":{"line":4,"column":28},"end":{"line":93,"column":null}},"line":4}},"branchMap":{},"s":{"0":1,"1":2},"f":{"0":2},"b":{},"meta":{"lastBranch":0,"lastFunction":1,"lastStatement":2,"seen":{"s:4:22:93:Infinity":0,"f:4:22:4:28":0,"s:5:4:91:Infinity":1}}}
}
